<?xml version="1.0" encoding="UTF-8"?>
<!-- Generated by org.testng.reporters.JUnitReportReporter -->
<testsuite hostname="LAPTOP-UILFKUPE" failures="0" tests="3" name="Hexaware.tests.SubmitOrderTest" time="32.083" errors="0" timestamp="2022-11-15T12:21:46 GMT-06:00" skipped="0">
  <testcase classname="Hexaware.tests.SubmitOrderTest" name="submitOrder" time="11.147"/>
  <system-out/>
  <testcase classname="Hexaware.tests.SubmitOrderTest" name="OrderHistoryTest" time="7.368"/>
  <system-out/>
  <testcase classname="Hexaware.tests.SubmitOrderTest" name="submitOrder" time="13.568"/>
  <system-out/>
</testsuite> <!-- Hexaware.tests.SubmitOrderTest -->
