<?xml version="1.0" encoding="UTF-8"?>
<!-- Generated by org.testng.reporters.JUnitReportReporter -->
<testsuite hostname="LAPTOP-UILFKUPE" failures="0" tests="1" name="cucumber.TestNGTestRunner" time="16.507" errors="0" timestamp="2022-11-23T17:41:35 GMT-06:00" skipped="0">
  <testcase classname="cucumber.TestNGTestRunner" name="runScenario" time="16.507"/>
  <system-out/>
</testsuite> <!-- cucumber.TestNGTestRunner -->
