<?xml version="1.0" encoding="UTF-8"?>
<!-- Generated by org.testng.reporters.JUnitReportReporter -->
<testsuite hostname="LAPTOP-UILFKUPE" failures="0" tests="2" name="Hexaware.tests.ErrorValidationsTest" time="23.085" errors="0" timestamp="2022-12-12T19:00:40 GMT-06:00" skipped="0">
  <testcase classname="Hexaware.tests.ErrorValidationsTest" name="LoginErrorValidation" time="13.491"/>
  <system-out/>
  <testcase classname="Hexaware.tests.ErrorValidationsTest" name="ProductErrorValidation" time="9.594"/>
  <system-out/>
</testsuite> <!-- Hexaware.tests.ErrorValidationsTest -->
